Updating repositories with: gcc-15 : g++-15
Configuring with:
  CC               = /opt/homebrew/bin/gcc-15
  CXX              = /opt/homebrew/bin/g++-15
  clang-format     = /opt/homebrew/opt/llvm/bin/clang-format
  clang-tidy       = /opt/homebrew/opt/llvm/bin/clang-tidy
  cppcheck         = /opt/homebrew/bin/cppcheck
  sanitizers       = address,leak,pointer_overflow,undefined
[run] ./pull.sh
scripts is already up to date.
[run] ./check-env.sh -c /opt/homebrew/bin/gcc-15 -x /opt/homebrew/bin/g++-15 -f /opt/homebrew/opt/llvm/bin/clang-format -t /opt/homebrew/opt/llvm/bin/clang-tidy -k /opt/homebrew/bin/cppcheck -s address\,leak\,pointer_overflow\,undefined
All required tools OK.
[run] ./clone-repos.sh
==> ../libraries/lib_error (c)
  -> Fetching...
  -> Rebase onto upstream...
Already up to date.

==> ../libraries/lib_env (c)
  -> Fetching...
  -> Rebase onto upstream...
Already up to date.

==> ../libraries/lib_c (c)
  -> Fetching...
  -> Rebase onto upstream...
Already up to date.

==> ../libraries/lib_posix (c)
  -> Fetching...
  -> Rebase onto upstream...
Already up to date.

==> ../libraries/lib_posix_xsi (c)
  -> Fetching...
  -> Rebase onto upstream...
Already up to date.

==> ../libraries/lib_posix_optional (c)
  -> Fetching...
  -> Rebase onto upstream...
Already up to date.

==> ../libraries/lib_unix (c)
  -> Fetching...
  -> Rebase onto upstream...
Already up to date.

==> ../libraries/lib_fsm (c)
  -> Fetching...
  -> Rebase onto upstream...
Already up to date.

==> ../libraries/lib_util (c)
  -> Fetching...
  -> Rebase onto upstream...
Already up to date.

==> ../libraries/lib_convert (c)
  -> Fetching...
  -> Rebase onto upstream...
Already up to date.

==> ../programs/simple-port-forwarder (c)
  -> Fetching...
  -> Rebase onto upstream...
Already up to date.

==> ../templates/template-c (c)
  -> Fetching...
  -> Rebase onto upstream...
Already up to date.

==> ../templates/template-c-program (c)
  -> Fetching...
  -> Rebase onto upstream...
Already up to date.

==> ../templates/template-cxx (cxx)
  -> Fetching...
  -> Rebase onto upstream...
Already up to date.

==> ../examples/c-examples (c)
  -> Fetching...
  -> Rebase onto upstream...
Already up to date.

==> ../examples/lib_c_examples (c)
  -> Fetching...
  -> Rebase onto upstream...
Already up to date.

==> ../examples/lib_env_examples (c)
  -> Fetching...
  -> Rebase onto upstream...
Already up to date.

==> ../examples/lib_error_examples (c)
  -> Fetching...
  -> Rebase onto upstream...
Already up to date.

==> ../examples/lib_fsm_examples (c)
  -> Fetching...
  -> Rebase onto upstream...
Already up to date.

==> ../examples/lib_posix_examples (c)
  -> Fetching...
  -> Rebase onto upstream...
Already up to date.

==> ../examples/lib_posix_optional_examples (c)
  -> Fetching...
  -> Rebase onto upstream...
Already up to date.

==> ../examples/lib_posix_xsi_examples (c)
  -> Fetching...
  -> Rebase onto upstream...
Already up to date.

==> ../examples/lib_unix_examples (c)
  -> Fetching...
  -> Rebase onto upstream...
Already up to date.

All repositories processed.
[run] ./link-flags.sh
OK: link already correct: /Users/ds/work/programming101dev/libraries/lib_error/.flags
OK: link already correct: /Users/ds/work/programming101dev/libraries/lib_env/.flags
OK: link already correct: /Users/ds/work/programming101dev/libraries/lib_c/.flags
OK: link already correct: /Users/ds/work/programming101dev/libraries/lib_posix/.flags
OK: link already correct: /Users/ds/work/programming101dev/libraries/lib_posix_xsi/.flags
OK: link already correct: /Users/ds/work/programming101dev/libraries/lib_posix_optional/.flags
OK: link already correct: /Users/ds/work/programming101dev/libraries/lib_unix/.flags
OK: link already correct: /Users/ds/work/programming101dev/libraries/lib_fsm/.flags
OK: link already correct: /Users/ds/work/programming101dev/libraries/lib_util/.flags
OK: link already correct: /Users/ds/work/programming101dev/libraries/lib_convert/.flags
OK: link already correct: /Users/ds/work/programming101dev/programs/simple-port-forwarder/.flags
OK: link already correct: /Users/ds/work/programming101dev/templates/template-c/.flags
OK: link already correct: /Users/ds/work/programming101dev/templates/template-c-program/.flags
OK: link already correct: /Users/ds/work/programming101dev/templates/template-cxx/.flags
OK: link already correct: /Users/ds/work/programming101dev/examples/c-examples/.flags
OK: link already correct: /Users/ds/work/programming101dev/examples/lib_c_examples/.flags
OK: link already correct: /Users/ds/work/programming101dev/examples/lib_env_examples/.flags
OK: link already correct: /Users/ds/work/programming101dev/examples/lib_error_examples/.flags
OK: link already correct: /Users/ds/work/programming101dev/examples/lib_fsm_examples/.flags
OK: link already correct: /Users/ds/work/programming101dev/examples/lib_posix_examples/.flags
OK: link already correct: /Users/ds/work/programming101dev/examples/lib_posix_optional_examples/.flags
OK: link already correct: /Users/ds/work/programming101dev/examples/lib_posix_xsi_examples/.flags
OK: link already correct: /Users/ds/work/programming101dev/examples/lib_unix_examples/.flags
[run] ./link-compilers.sh
OK: link already correct: /Users/ds/work/programming101dev/scripts/../libraries/lib_error/supported_c_compilers.txt
OK: link already correct: /Users/ds/work/programming101dev/scripts/../libraries/lib_error/sanitizers.txt
OK: link already correct: /Users/ds/work/programming101dev/scripts/../libraries/lib_env/supported_c_compilers.txt
OK: link already correct: /Users/ds/work/programming101dev/scripts/../libraries/lib_env/sanitizers.txt
OK: link already correct: /Users/ds/work/programming101dev/scripts/../libraries/lib_c/supported_c_compilers.txt
OK: link already correct: /Users/ds/work/programming101dev/scripts/../libraries/lib_c/sanitizers.txt
OK: link already correct: /Users/ds/work/programming101dev/scripts/../libraries/lib_posix/supported_c_compilers.txt
OK: link already correct: /Users/ds/work/programming101dev/scripts/../libraries/lib_posix/sanitizers.txt
OK: link already correct: /Users/ds/work/programming101dev/scripts/../libraries/lib_posix_xsi/supported_c_compilers.txt
OK: link already correct: /Users/ds/work/programming101dev/scripts/../libraries/lib_posix_xsi/sanitizers.txt
OK: link already correct: /Users/ds/work/programming101dev/scripts/../libraries/lib_posix_optional/supported_c_compilers.txt
OK: link already correct: /Users/ds/work/programming101dev/scripts/../libraries/lib_posix_optional/sanitizers.txt
OK: link already correct: /Users/ds/work/programming101dev/scripts/../libraries/lib_unix/supported_c_compilers.txt
OK: link already correct: /Users/ds/work/programming101dev/scripts/../libraries/lib_unix/sanitizers.txt
OK: link already correct: /Users/ds/work/programming101dev/scripts/../libraries/lib_fsm/supported_c_compilers.txt
OK: link already correct: /Users/ds/work/programming101dev/scripts/../libraries/lib_fsm/sanitizers.txt
OK: link already correct: /Users/ds/work/programming101dev/scripts/../libraries/lib_util/supported_c_compilers.txt
OK: link already correct: /Users/ds/work/programming101dev/scripts/../libraries/lib_util/sanitizers.txt
OK: link already correct: /Users/ds/work/programming101dev/scripts/../libraries/lib_convert/supported_c_compilers.txt
OK: link already correct: /Users/ds/work/programming101dev/scripts/../libraries/lib_convert/sanitizers.txt
OK: link already correct: /Users/ds/work/programming101dev/scripts/../programs/simple-port-forwarder/supported_c_compilers.txt
OK: link already correct: /Users/ds/work/programming101dev/scripts/../programs/simple-port-forwarder/sanitizers.txt
OK: link already correct: /Users/ds/work/programming101dev/scripts/../templates/template-c/supported_c_compilers.txt
OK: link already correct: /Users/ds/work/programming101dev/scripts/../templates/template-c/sanitizers.txt
OK: link already correct: /Users/ds/work/programming101dev/scripts/../templates/template-c-program/supported_c_compilers.txt
OK: link already correct: /Users/ds/work/programming101dev/scripts/../templates/template-c-program/sanitizers.txt
OK: link already correct: /Users/ds/work/programming101dev/scripts/../templates/template-cxx/supported_cxx_compilers.txt
OK: link already correct: /Users/ds/work/programming101dev/scripts/../templates/template-cxx/sanitizers.txt
OK: link already correct: /Users/ds/work/programming101dev/scripts/../examples/c-examples/supported_c_compilers.txt
OK: link already correct: /Users/ds/work/programming101dev/scripts/../examples/c-examples/sanitizers.txt
OK: link already correct: /Users/ds/work/programming101dev/scripts/../examples/lib_c_examples/supported_c_compilers.txt
OK: link already correct: /Users/ds/work/programming101dev/scripts/../examples/lib_c_examples/sanitizers.txt
OK: link already correct: /Users/ds/work/programming101dev/scripts/../examples/lib_env_examples/supported_c_compilers.txt
OK: link already correct: /Users/ds/work/programming101dev/scripts/../examples/lib_env_examples/sanitizers.txt
OK: link already correct: /Users/ds/work/programming101dev/scripts/../examples/lib_error_examples/supported_c_compilers.txt
OK: link already correct: /Users/ds/work/programming101dev/scripts/../examples/lib_error_examples/sanitizers.txt
OK: link already correct: /Users/ds/work/programming101dev/scripts/../examples/lib_fsm_examples/supported_c_compilers.txt
OK: link already correct: /Users/ds/work/programming101dev/scripts/../examples/lib_fsm_examples/sanitizers.txt
OK: link already correct: /Users/ds/work/programming101dev/scripts/../examples/lib_posix_examples/supported_c_compilers.txt
OK: link already correct: /Users/ds/work/programming101dev/scripts/../examples/lib_posix_examples/sanitizers.txt
OK: link already correct: /Users/ds/work/programming101dev/scripts/../examples/lib_posix_optional_examples/supported_c_compilers.txt
OK: link already correct: /Users/ds/work/programming101dev/scripts/../examples/lib_posix_optional_examples/sanitizers.txt
OK: link already correct: /Users/ds/work/programming101dev/scripts/../examples/lib_posix_xsi_examples/supported_c_compilers.txt
OK: link already correct: /Users/ds/work/programming101dev/scripts/../examples/lib_posix_xsi_examples/sanitizers.txt
OK: link already correct: /Users/ds/work/programming101dev/scripts/../examples/lib_unix_examples/supported_c_compilers.txt
OK: link already correct: /Users/ds/work/programming101dev/scripts/../examples/lib_unix_examples/sanitizers.txt
[run] ./build-repo.sh -c /opt/homebrew/bin/gcc-15 -x /opt/homebrew/bin/g++-15 -f /opt/homebrew/opt/llvm/bin/clang-format -t /opt/homebrew/opt/llvm/bin/clang-tidy -k /opt/homebrew/bin/cppcheck -s address\,leak\,pointer_overflow\,undefined -S
--------------------------------------------------------------------------------
Working on ../libraries/lib_error (c)
Configuring with: CC=/opt/homebrew/bin/gcc-15, clang-format=/opt/homebrew/opt/llvm/bin/clang-format, clang-tidy=/opt/homebrew/opt/llvm/bin/clang-tidy, cppcheck=/opt/homebrew/bin/cppcheck, sanitizers=address,leak,pointer_overflow,undefined
Sanitizers specified via command-line: address,leak,pointer_overflow,undefined
Configuring with:
  CC               = /opt/homebrew/bin/gcc-15
  clang-format     = /opt/homebrew/opt/llvm/bin/clang-format
  clang-tidy       = /opt/homebrew/opt/llvm/bin/clang-tidy
  cppcheck         = /opt/homebrew/bin/cppcheck
  sanitizers       = address,leak,pointer_overflow,undefined
  build dir        = build
Running: cmake -S . -B build -DCMAKE_C_COMPILER=/opt/homebrew/bin/gcc-15 -DCLANG_FORMAT_NAME=/opt/homebrew/opt/llvm/bin/clang-format -DCLANG_TIDY_NAME=/opt/homebrew/opt/llvm/bin/clang-tidy -DCPPCHECK_NAME=/opt/homebrew/bin/cppcheck -DSANITIZER_LIST=address,leak,pointer_overflow,undefined -DCMAKE_BUILD_TYPE=Debug -DCMAKE_EXPORT_COMPILE_COMMANDS=ON
-- The C compiler identification is GNU 15.1.0
-- Checking whether C compiler has -isysroot
-- Checking whether C compiler has -isysroot - yes
-- Checking whether C compiler supports OSX deployment target flag
-- Checking whether C compiler supports OSX deployment target flag - yes
-- Detecting C compiler ABI info
-- Detecting C compiler ABI info - done
-- Check for working C compiler: /opt/homebrew/bin/gcc-15 - skipped
-- Detecting C compile features
-- Detecting C compile features - done
-- Detected sanitizer flags: 
-- 
-- -- Configuring with:
-- --   CC               = /opt/homebrew/bin/gcc-15
-- --   clang-format     = /opt/homebrew/opt/llvm/bin/clang-format
-- --   clang-tidy       = /opt/homebrew/opt/llvm/bin/clang-tidy
-- --   cppcheck         = /opt/homebrew/bin/cppcheck
-- --   scan-build       = scan-build
-- --   sanitizers       = address,leak,pointer_overflow,undefined
-- --   build dir        = /Users/ds/work/programming101dev/libraries/lib_error/build
-- 
-- Configuring done (0.6s)
-- Generating done (0.0s)
-- Build files have been written to: /Users/ds/work/programming101dev/libraries/lib_error/build
Done. Now run:  ./build.sh
Building: ../libraries/lib_error
Running: cmake --build build --clean-first --verbose
Change Dir: '/Users/ds/work/programming101dev/libraries/lib_error/build'

Run Clean Command: /Applications/CMake.app/Contents/bin/cmake -E env VERBOSE=1 /usr/bin/make -f Makefile clean
/Library/Developer/CommandLineTools/usr/bin/make  -f CMakeFiles/Makefile2 clean
/Library/Developer/CommandLineTools/usr/bin/make  -f CMakeFiles/p101_error.dir/build.make CMakeFiles/p101_error.dir/clean
/Applications/CMake.app/Contents/bin/cmake -P CMakeFiles/p101_error.dir/cmake_clean.cmake
/Library/Developer/CommandLineTools/usr/bin/make  -f CMakeFiles/format-all.dir/build.make CMakeFiles/format-all.dir/clean
/Applications/CMake.app/Contents/bin/cmake -P CMakeFiles/format-all.dir/cmake_clean.cmake
/Library/Developer/CommandLineTools/usr/bin/make  -f CMakeFiles/p101_tidy_db.dir/build.make CMakeFiles/p101_tidy_db.dir/clean
/Applications/CMake.app/Contents/bin/cmake -P CMakeFiles/p101_tidy_db.dir/cmake_clean.cmake

Run Build Command(s): /Applications/CMake.app/Contents/bin/cmake -E env VERBOSE=1 /usr/bin/make -f Makefile
/Applications/CMake.app/Contents/bin/cmake -S/Users/ds/work/programming101dev/libraries/lib_error -B/Users/ds/work/programming101dev/libraries/lib_error/build --check-build-system CMakeFiles/Makefile.cmake 0
/Applications/CMake.app/Contents/bin/cmake -E cmake_progress_start /Users/ds/work/programming101dev/libraries/lib_error/build/CMakeFiles /Users/ds/work/programming101dev/libraries/lib_error/build//CMakeFiles/progress.marks
/Library/Developer/CommandLineTools/usr/bin/make  -f CMakeFiles/Makefile2 all
/Library/Developer/CommandLineTools/usr/bin/make  -f CMakeFiles/p101_tidy_db.dir/build.make CMakeFiles/p101_tidy_db.dir/depend
cd /Users/ds/work/programming101dev/libraries/lib_error/build && /Applications/CMake.app/Contents/bin/cmake -E cmake_depends "Unix Makefiles" /Users/ds/work/programming101dev/libraries/lib_error /Users/ds/work/programming101dev/libraries/lib_error /Users/ds/work/programming101dev/libraries/lib_error/build /Users/ds/work/programming101dev/libraries/lib_error/build /Users/ds/work/programming101dev/libraries/lib_error/build/CMakeFiles/p101_tidy_db.dir/DependInfo.cmake "--color="
/Library/Developer/CommandLineTools/usr/bin/make  -f CMakeFiles/p101_tidy_db.dir/build.make CMakeFiles/p101_tidy_db.dir/build
[ 12%] Sanitizing compile_commands.json for clang-tidy
/Applications/CMake.app/Contents/bin/cmake -E make_directory /Users/ds/work/programming101dev/libraries/lib_error/build/tidy_cc
/Applications/CMake.app/Contents/bin/cmake -E echo "ðŸ”§ running: /Applications/CMake.app/Contents/bin/cmake -DINPUT=/Users/ds/work/programming101dev/libraries/lib_error/build/compile_commands.json -DOUTPUT=/Users/ds/work/programming101dev/libraries/lib_error/build/tidy_cc/compile_commands.json -P /Users/ds/work/programming101dev/libraries/lib_error/build/SanitizeCompileCommands.cmake"
ðŸ”§ running: /Applications/CMake.app/Contents/bin/cmake -DINPUT=/Users/ds/work/programming101dev/libraries/lib_error/build/compile_commands.json -DOUTPUT=/Users/ds/work/programming101dev/libraries/lib_error/build/tidy_cc/compile_commands.json -P /Users/ds/work/programming101dev/libraries/lib_error/build/SanitizeCompileCommands.cmake
/Applications/CMake.app/Contents/bin/cmake -DINPUT=/Users/ds/work/programming101dev/libraries/lib_error/build/compile_commands.json -DOUTPUT=/Users/ds/work/programming101dev/libraries/lib_error/build/tidy_cc/compile_commands.json -P /Users/ds/work/programming101dev/libraries/lib_error/build/SanitizeCompileCommands.cmake
[ 12%] Built target p101_tidy_db
/Library/Developer/CommandLineTools/usr/bin/make  -f CMakeFiles/format-all.dir/build.make CMakeFiles/format-all.dir/depend
cd /Users/ds/work/programming101dev/libraries/lib_error/build && /Applications/CMake.app/Contents/bin/cmake -E cmake_depends "Unix Makefiles" /Users/ds/work/programming101dev/libraries/lib_error /Users/ds/work/programming101dev/libraries/lib_error /Users/ds/work/programming101dev/libraries/lib_error/build /Users/ds/work/programming101dev/libraries/lib_error/build /Users/ds/work/programming101dev/libraries/lib_error/build/CMakeFiles/format-all.dir/DependInfo.cmake "--color="
/Library/Developer/CommandLineTools/usr/bin/make  -f CMakeFiles/format-all.dir/build.make CMakeFiles/format-all.dir/build
[ 25%] Generating .format/include/p101_error/check.h.stamp
/Applications/CMake.app/Contents/bin/cmake -E make_directory /Users/ds/work/programming101dev/libraries/lib_error/build/.format/include/p101_error
/Applications/CMake.app/Contents/bin/cmake -E echo "ðŸ”§ running: /opt/homebrew/opt/llvm/bin/clang-format -i -style=file /Users/ds/work/programming101dev/libraries/lib_error/include/p101_error/check.h"
ðŸ”§ running: /opt/homebrew/opt/llvm/bin/clang-format -i -style=file /Users/ds/work/programming101dev/libraries/lib_error/include/p101_error/check.h
/opt/homebrew/opt/llvm/bin/clang-format -i -style=file /Users/ds/work/programming101dev/libraries/lib_error/include/p101_error/check.h
/Applications/CMake.app/Contents/bin/cmake -E touch /Users/ds/work/programming101dev/libraries/lib_error/build/.format/include/p101_error/check.h.stamp
[ 37%] Generating .format/include/p101_error/error.h.stamp
/Applications/CMake.app/Contents/bin/cmake -E make_directory /Users/ds/work/programming101dev/libraries/lib_error/build/.format/include/p101_error
/Applications/CMake.app/Contents/bin/cmake -E echo "ðŸ”§ running: /opt/homebrew/opt/llvm/bin/clang-format -i -style=file /Users/ds/work/programming101dev/libraries/lib_error/include/p101_error/error.h"
ðŸ”§ running: /opt/homebrew/opt/llvm/bin/clang-format -i -style=file /Users/ds/work/programming101dev/libraries/lib_error/include/p101_error/error.h
/opt/homebrew/opt/llvm/bin/clang-format -i -style=file /Users/ds/work/programming101dev/libraries/lib_error/include/p101_error/error.h
/Applications/CMake.app/Contents/bin/cmake -E touch /Users/ds/work/programming101dev/libraries/lib_error/build/.format/include/p101_error/error.h.stamp
[ 50%] Generating .format/src/check.c.stamp
/Applications/CMake.app/Contents/bin/cmake -E make_directory /Users/ds/work/programming101dev/libraries/lib_error/build/.format/src
/Applications/CMake.app/Contents/bin/cmake -E echo "ðŸ”§ running: /opt/homebrew/opt/llvm/bin/clang-format -i -style=file /Users/ds/work/programming101dev/libraries/lib_error/src/check.c"
ðŸ”§ running: /opt/homebrew/opt/llvm/bin/clang-format -i -style=file /Users/ds/work/programming101dev/libraries/lib_error/src/check.c
/opt/homebrew/opt/llvm/bin/clang-format -i -style=file /Users/ds/work/programming101dev/libraries/lib_error/src/check.c
/Applications/CMake.app/Contents/bin/cmake -E touch /Users/ds/work/programming101dev/libraries/lib_error/build/.format/src/check.c.stamp
[ 62%] Generating .format/src/error.c.stamp
/Applications/CMake.app/Contents/bin/cmake -E make_directory /Users/ds/work/programming101dev/libraries/lib_error/build/.format/src
/Applications/CMake.app/Contents/bin/cmake -E echo "ðŸ”§ running: /opt/homebrew/opt/llvm/bin/clang-format -i -style=file /Users/ds/work/programming101dev/libraries/lib_error/src/error.c"
ðŸ”§ running: /opt/homebrew/opt/llvm/bin/clang-format -i -style=file /Users/ds/work/programming101dev/libraries/lib_error/src/error.c
/opt/homebrew/opt/llvm/bin/clang-format -i -style=file /Users/ds/work/programming101dev/libraries/lib_error/src/error.c
/Applications/CMake.app/Contents/bin/cmake -E touch /Users/ds/work/programming101dev/libraries/lib_error/build/.format/src/error.c.stamp
[ 62%] Built target format-all
/Library/Developer/CommandLineTools/usr/bin/make  -f CMakeFiles/p101_error.dir/build.make CMakeFiles/p101_error.dir/depend
cd /Users/ds/work/programming101dev/libraries/lib_error/build && /Applications/CMake.app/Contents/bin/cmake -E cmake_depends "Unix Makefiles" /Users/ds/work/programming101dev/libraries/lib_error /Users/ds/work/programming101dev/libraries/lib_error /Users/ds/work/programming101dev/libraries/lib_error/build /Users/ds/work/programming101dev/libraries/lib_error/build /Users/ds/work/programming101dev/libraries/lib_error/build/CMakeFiles/p101_error.dir/DependInfo.cmake "--color="
/Library/Developer/CommandLineTools/usr/bin/make  -f CMakeFiles/p101_error.dir/build.make CMakeFiles/p101_error.dir/build
[ 75%] Building C object CMakeFiles/p101_error.dir/src/check.c.o
/opt/homebrew/bin/gcc-15 -Dp101_error_EXPORTS -I/Users/ds/work/programming101dev/libraries/lib_error/include -I/usr/local/include -g -std=c17 -arch arm64 -fPIC -D_POSIX_C_SOURCE=200809L -D_XOPEN_SOURCE=700 -Werror -MD -MT CMakeFiles/p101_error.dir/src/check.c.o -MF CMakeFiles/p101_error.dir/src/check.c.o.d -o CMakeFiles/p101_error.dir/src/check.c.o -c /Users/ds/work/programming101dev/libraries/lib_error/src/check.c
clang: warning: overriding deployment version from '16.0' to '26.0' [-Woverriding-deployment-version]
[ 87%] Building C object CMakeFiles/p101_error.dir/src/error.c.o
/opt/homebrew/bin/gcc-15 -Dp101_error_EXPORTS -I/Users/ds/work/programming101dev/libraries/lib_error/include -I/usr/local/include -g -std=c17 -arch arm64 -fPIC -D_POSIX_C_SOURCE=200809L -D_XOPEN_SOURCE=700 -Werror -MD -MT CMakeFiles/p101_error.dir/src/error.c.o -MF CMakeFiles/p101_error.dir/src/error.c.o.d -o CMakeFiles/p101_error.dir/src/error.c.o -c /Users/ds/work/programming101dev/libraries/lib_error/src/error.c
clang: warning: overriding deployment version from '16.0' to '26.0' [-Woverriding-deployment-version]
[100%] Linking C shared library libp101_error.dylib
/Applications/CMake.app/Contents/bin/cmake -E cmake_link_script CMakeFiles/p101_error.dir/link.txt --verbose=1
/opt/homebrew/bin/gcc-15 -g -arch arm64 -dynamiclib -Wl,-headerpad_max_install_names -o libp101_error.dylib -install_name @rpath/libp101_error.dylib CMakeFiles/p101_error.dir/src/check.c.o CMakeFiles/p101_error.dir/src/error.c.o
clang-tidy after build (warnings-as-errors, mandatory)
/Applications/CMake.app/Contents/bin/cmake -E echo "ðŸ”§ running: /opt/homebrew/opt/llvm/bin/clang-tidy -p /Users/ds/work/programming101dev/libraries/lib_error/build/tidy_cc --config= --header-filter=^(/Users/ds/work/programming101dev/libraries/lib_error/(src|include))/.* --warnings-as-errors=* --extra-arg-before=-I/Users/ds/work/programming101dev/libraries/lib_error/include --extra-arg-before=-I/usr/local/include --extra-arg-before=-isysroot --extra-arg-before=/Library/Developer/CommandLineTools/SDKs/MacOSX.sdk --checks=-*,*,-clang-diagnostic-unused-macros,-llvmlibc-restrict-system-libc-headers,-altera-struct-pack-align,-readability-identifier-length,-altera-unroll-loops,-cppcoreguidelines-init-variables,-cert-err33-c,-bugprone-easily-swappable-parameters,-clang-analyzer-security.insecureAPI.DeprecatedOrUnsafeBufferHandling,-altera-id-dependent-backward-branch,-concurrency-mt-unsafe,-misc-unused-parameters,-hicpp-signed-bitwise,-google-readability-todo,-cert-msc30-c,-readability-function-cognitive-complexity,-clang-analyzer-security.insecureAPI.strcpy,-cert-env33-c,-android-cloexec-accept,-misc-include-cleaner,-llvm-header-guard,-llvmlibc-* /Users/ds/work/programming101dev/libraries/lib_error/src/check.c /Users/ds/work/programming101dev/libraries/lib_error/src/error.c"
ðŸ”§ running: /opt/homebrew/opt/llvm/bin/clang-tidy -p /Users/ds/work/programming101dev/libraries/lib_error/build/tidy_cc --config= --header-filter=^(/Users/ds/work/programming101dev/libraries/lib_error/(src|include))/.* --warnings-as-errors=* --extra-arg-before=-I/Users/ds/work/programming101dev/libraries/lib_error/include --extra-arg-before=-I/usr/local/include --extra-arg-before=-isysroot --extra-arg-before=/Library/Developer/CommandLineTools/SDKs/MacOSX.sdk --checks=-*,*,-clang-diagnostic-unused-macros,-llvmlibc-restrict-system-libc-headers,-altera-struct-pack-align,-readability-identifier-length,-altera-unroll-loops,-cppcoreguidelines-init-variables,-cert-err33-c,-bugprone-easily-swappable-parameters,-clang-analyzer-security.insecureAPI.DeprecatedOrUnsafeBufferHandling,-altera-id-dependent-backward-branch,-concurrency-mt-unsafe,-misc-unused-parameters,-hicpp-signed-bitwise,-google-readability-todo,-cert-msc30-c,-readability-function-cognitive-complexity,-clang-analyzer-security.insecureAPI.strcpy,-cert-env33-c,-android-cloexec-accept,-misc-include-cleaner,-llvm-header-guard,-llvmlibc-* /Users/ds/work/programming101dev/libraries/lib_error/src/check.c /Users/ds/work/programming101dev/libraries/lib_error/src/error.c
/opt/homebrew/opt/llvm/bin/clang-tidy -p /Users/ds/work/programming101dev/libraries/lib_error/build/tidy_cc --config= "--header-filter=^(/Users/ds/work/programming101dev/libraries/lib_error/(src|include))/.*" "--warnings-as-errors=*" --extra-arg-before=-I/Users/ds/work/programming101dev/libraries/lib_error/include --extra-arg-before=-I/usr/local/include --extra-arg-before=-isysroot --extra-arg-before=/Library/Developer/CommandLineTools/SDKs/MacOSX.sdk "--checks=-*,*,-clang-diagnostic-unused-macros,-llvmlibc-restrict-system-libc-headers,-altera-struct-pack-align,-readability-identifier-length,-altera-unroll-loops,-cppcoreguidelines-init-variables,-cert-err33-c,-bugprone-easily-swappable-parameters,-clang-analyzer-security.insecureAPI.DeprecatedOrUnsafeBufferHandling,-altera-id-dependent-backward-branch,-concurrency-mt-unsafe,-misc-unused-parameters,-hicpp-signed-bitwise,-google-readability-todo,-cert-msc30-c,-readability-function-cognitive-complexity,-clang-analyzer-security.insecureAPI.strcpy,-cert-env33-c,-android-cloexec-accept,-misc-include-cleaner,-llvm-header-guard,-llvmlibc-*" /Users/ds/work/programming101dev/libraries/lib_error/src/check.c /Users/ds/work/programming101dev/libraries/lib_error/src/error.c
[1/2] Processing file /Users/ds/work/programming101dev/libraries/lib_error/src/check.c.
5919 warnings generated.
[2/2] Processing file /Users/ds/work/programming101dev/libraries/lib_error/src/error.c.
13697 warnings generated.
Suppressed 13697 warnings (13697 in non-user code).
Use -header-filter=.* to display errors from all non-system headers. Use -system-headers to display errors from system headers as well.
cppcheck after build (mandatory; fail on any diagnostics)
/Applications/CMake.app/Contents/bin/cmake -E echo "ðŸ”§ running: /opt/homebrew/bin/cppcheck --enable=all --inconclusive --check-level=exhaustive --library=posix --force --inline-suppr --quiet --language=c --std=c17 --suppress=*:/Library/Developer/CommandLineTools/SDKs/MacOSX.sdk/*;--suppress=*:/usr/include/*;--suppress=*:/usr/local/include/*;--suppress=*:/opt/homebrew/include/*;--suppress=*:/opt/homebrew/opt/*/include/*;--suppress=*:/Users/ds/work/programming101dev/libraries/lib_error/build/*;--relative-paths=/Users/ds/work/programming101dev/libraries/lib_error --template=gcc --output-file=/Users/ds/work/programming101dev/libraries/lib_error/build/cppcheck.log --project=/Users/ds/work/programming101dev/libraries/lib_error/build/compile_commands.json -I/Users/ds/work/programming101dev/libraries/lib_error/include -I/usr/local/include"
ðŸ”§ running: /opt/homebrew/bin/cppcheck --enable=all --inconclusive --check-level=exhaustive --library=posix --force --inline-suppr --quiet --language=c --std=c17 --suppress=*:/Library/Developer/CommandLineTools/SDKs/MacOSX.sdk/*;--suppress=*:/usr/include/*;--suppress=*:/usr/local/include/*;--suppress=*:/opt/homebrew/include/*;--suppress=*:/opt/homebrew/opt/*/include/*;--suppress=*:/Users/ds/work/programming101dev/libraries/lib_error/build/*;--relative-paths=/Users/ds/work/programming101dev/libraries/lib_error --template=gcc --output-file=/Users/ds/work/programming101dev/libraries/lib_error/build/cppcheck.log --project=/Users/ds/work/programming101dev/libraries/lib_error/build/compile_commands.json -I/Users/ds/work/programming101dev/libraries/lib_error/include -I/usr/local/include
/opt/homebrew/bin/cppcheck --enable=all --inconclusive --check-level=exhaustive --library=posix --force --inline-suppr --quiet --language=c --std=c17 "--suppress=*:/Library/Developer/CommandLineTools/SDKs/MacOSX.sdk/*" "--suppress=*:/usr/include/*" "--suppress=*:/usr/local/include/*" "--suppress=*:/opt/homebrew/include/*" "--suppress=*:/opt/homebrew/opt/*/include/*" "--suppress=*:/Users/ds/work/programming101dev/libraries/lib_error/build/*" --relative-paths=/Users/ds/work/programming101dev/libraries/lib_error --template=gcc --output-file=/Users/ds/work/programming101dev/libraries/lib_error/build/cppcheck.log --project=/Users/ds/work/programming101dev/libraries/lib_error/build/compile_commands.json -I/Users/ds/work/programming101dev/libraries/lib_error/include -I/usr/local/include
/Applications/CMake.app/Contents/bin/cmake -DLOGFILE=/Users/ds/work/programming101dev/libraries/lib_error/build/cppcheck.log -P /Users/ds/work/programming101dev/libraries/lib_error/build/FailIfCppcheckDiagnostics.cmake
-- cppcheck reported 33 diagnostics. Showing first 200 lines from: /Users/ds/work/programming101dev/libraries/lib_error/build/cppcheck.log
-- /Users/ds/work/programming101dev/libraries/lib_error/include/p101_error/error.h:20:0: warning: Include file: <errno.h> not found. Please note: Cppcheck does not need standard library headers to get proper results. [missingIncludeSystem]
-- #include <errno.h>
-- ^
-- /Users/ds/work/programming101dev/libraries/lib_error/include/p101_error/error.h:21:0: warning: Include file: <stdbool.h> not found. Please note: Cppcheck does not need standard library headers to get proper results. [missingIncludeSystem]
-- #include <stdbool.h>
-- ^
-- /Users/ds/work/programming101dev/libraries/lib_error/include/p101_error/error.h:22:0: warning: Include file: <stddef.h> not found. Please note: Cppcheck does not need standard library headers to get proper results. [missingIncludeSystem]
-- #include <stddef.h>
-- ^
-- /Users/ds/work/programming101dev/libraries/lib_error/src/check.c:19:0: warning: Include file: <string.h> not found. Please note: Cppcheck does not need standard library headers to get proper results. [missingIncludeSystem]
-- #include <string.h>
-- ^
-- /Users/ds/work/programming101dev/libraries/lib_error/src/error.c:18:0: warning: Include file: <errno.h> not found. Please note: Cppcheck does not need standard library headers to get proper results. [missingIncludeSystem]
-- #include <errno.h>
-- ^
-- /Users/ds/work/programming101dev/libraries/lib_error/src/error.c:19:0: warning: Include file: <stdbool.h> not found. Please note: Cppcheck does not need standard library headers to get proper results. [missingIncludeSystem]
-- #include <stdbool.h>
-- ^
-- /Users/ds/work/programming101dev/libraries/lib_error/src/error.c:20:0: warning: Include file: <stddef.h> not found. Please note: Cppcheck does not need standard library headers to get proper results. [missingIncludeSystem]
-- #include <stddef.h>
-- ^
-- /Users/ds/work/programming101dev/libraries/lib_error/src/error.c:21:0: warning: Include file: <stdio.h> not found. Please note: Cppcheck does not need standard library headers to get proper results. [missingIncludeSystem]
-- #include <stdio.h>
-- ^
-- /Users/ds/work/programming101dev/libraries/lib_error/src/error.c:22:0: warning: Include file: <stdlib.h> not found. Please note: Cppcheck does not need standard library headers to get proper results. [missingIncludeSystem]
-- #include <stdlib.h>
-- ^
-- /Users/ds/work/programming101dev/libraries/lib_error/src/error.c:23:0: warning: Include file: <string.h> not found. Please note: Cppcheck does not need standard library headers to get proper results. [missingIncludeSystem]
-- #include <string.h>
-- ^
-- /Users/ds/work/programming101dev/libraries/lib_error/src/error.c:24:0: warning: Include file: <unistd.h> not found. Please note: Cppcheck does not need standard library headers to get proper results. [missingIncludeSystem]
-- #include <unistd.h>
-- ^
-- src/check.c:21:6: warning: The function 'p101_check_not_null' is never used. [unusedFunction]
-- 
--      ^
-- src/check.c:33:6: warning: The function 'p101_check_null' is never used. [unusedFunction]
-- 
--      ^
-- src/check.c:45:6: warning: The function 'p101_check_greater_than_int' is never used. [unusedFunction]
-- 
--      ^
-- src/check.c:57:6: warning: The function 'p101_check_less_than_int' is never used. [unusedFunction]
-- 
--      ^
-- src/check.c:69:6: warning: The function 'p101_check_equals_int' is never used. [unusedFunction]
-- 
--      ^
-- src/check.c:81:6: warning: The function 'p101_check_equals_string' is never used. [unusedFunction]
-- 
--      ^
-- src/check.c:93:6: warning: The function 'p101_check_not_equals_int' is never used. [unusedFunction]
-- 
--      ^
-- src/check.c:105:6: warning: The function 'p101_check_not_equals_string' is never used. [unusedFunction]
-- 
--      ^
-- src/error.c:48:20: warning: The function 'p101_error_create' is never used. [unusedFunction]
-- 
--                    ^
-- src/error.c:85:6: warning: The function 'p101_error_is_reporting' is never used. [unusedFunction]
-- 
--      ^
-- src/error.c:90:6: warning: The function 'p101_error_set_reporting' is never used. [unusedFunction]
-- 
--      ^
-- src/error.c:95:13: warning: The function 'p101_error_get_message' is never used. [unusedFunction]
-- 
--             ^
-- src/error.c:179:6: warning: The function 'p101_error_errno' is never used. [unusedFunction]
-- 
--      ^
-- src/error.c:214:6: warning: The function 'p101_error_system' is never used. [unusedFunction]
-- 
--      ^
-- src/error.c:225:6: warning: The function 'p101_error_user' is never used. [unusedFunction]
-- 
--      ^
-- src/error.c:241:6: warning: The function 'p101_error_has_no_error' is never used. [unusedFunction]
-- 
--      ^
-- src/error.c:246:6: warning: The function 'p101_error_is_errno' is never used. [unusedFunction]
-- 
--      ^
-- src/error.c:251:9: warning: The function 'p101_errno_get_errno' is never used. [unusedFunction]
-- 
--         ^
-- src/error.c:256:6: warning: The function 'p101_error_is_error' is never used. [unusedFunction]
-- 
--      ^
-- src/error.c:263:6: warning: The function 'p101_error_copy' is never used. [unusedFunction]
-- 
--      ^
-- src/error.c:330:6: warning: The function 'p101_error_move' is never used. [unusedFunction]
-- 
--      ^
-- nofile:0:0: warning: Active checkers: 117/966 (use --checkers-report=<filename> to see details) [checkersReport]
-- 
-- 
CMake Error at FailIfCppcheckDiagnostics.cmake:42 (message):
  cppcheck found issues.  See
  /Users/ds/work/programming101dev/libraries/lib_error/build/cppcheck.log


make[2]: *** [libp101_error.dylib] Error 1
make[2]: *** Deleting file `libp101_error.dylib'
make[1]: *** [CMakeFiles/p101_error.dir/all] Error 2
make: *** [all] Error 2

